2022/04/24 03:09:28 [notice] 1#1: using the "epoll" event method
2022/04/24 03:09:28 [notice] 1#1: nginx/1.21.6
2022/04/24 03:09:28 [notice] 1#1: built by gcc 10.2.1 20210110 (Debian 10.2.1-6) 
2022/04/24 03:09:28 [notice] 1#1: OS: Linux 5.10.16.3-microsoft-standard-WSL2
2022/04/24 03:09:28 [notice] 1#1: getrlimit(RLIMIT_NOFILE): 1048576:1048576
2022/04/24 03:09:28 [notice] 1#1: start worker processes
2022/04/24 03:09:28 [notice] 1#1: start worker process 31
2022/04/24 03:09:28 [notice] 1#1: start worker process 32
2022/04/24 03:09:28 [notice] 1#1: start worker process 33
2022/04/24 03:09:28 [notice] 1#1: start worker process 34
2022/04/24 07:21:00 [notice] 1#1: signal 3 (SIGQUIT) received, shutting down
2022/04/24 07:21:00 [notice] 32#32: gracefully shutting down
2022/04/24 07:21:00 [notice] 31#31: gracefully shutting down
2022/04/24 07:21:00 [notice] 32#32: exiting
2022/04/24 07:21:00 [notice] 31#31: exiting
2022/04/24 07:21:00 [notice] 33#33: gracefully shutting down
2022/04/24 07:21:00 [notice] 31#31: exit
2022/04/24 07:21:00 [notice] 32#32: exit
2022/04/24 07:21:00 [notice] 34#34: gracefully shutting down
2022/04/24 07:21:00 [notice] 33#33: exiting
2022/04/24 07:21:00 [notice] 33#33: exit
2022/04/24 07:21:00 [notice] 34#34: exiting
2022/04/24 07:21:00 [notice] 34#34: exit
2022/04/24 07:21:00 [notice] 1#1: signal 17 (SIGCHLD) received from 33
2022/04/24 07:21:00 [notice] 1#1: worker process 31 exited with code 0
2022/04/24 07:21:00 [notice] 1#1: worker process 32 exited with code 0
2022/04/24 07:21:00 [notice] 1#1: worker process 33 exited with code 0
2022/04/24 07:21:00 [notice] 1#1: signal 29 (SIGIO) received
2022/04/24 07:21:00 [notice] 1#1: signal 17 (SIGCHLD) received from 34
2022/04/24 07:21:00 [notice] 1#1: worker process 34 exited with code 0
2022/04/24 07:21:00 [notice] 1#1: exit
2022/05/04 14:56:30 [notice] 1#1: using the "epoll" event method
2022/05/04 14:56:30 [notice] 1#1: nginx/1.21.6
2022/05/04 14:56:30 [notice] 1#1: built by gcc 10.2.1 20210110 (Debian 10.2.1-6) 
2022/05/04 14:56:30 [notice] 1#1: OS: Linux 5.10.16.3-microsoft-standard-WSL2
2022/05/04 14:56:30 [notice] 1#1: getrlimit(RLIMIT_NOFILE): 1048576:1048576
2022/05/04 14:56:30 [notice] 1#1: start worker processes
2022/05/04 14:56:30 [notice] 1#1: start worker process 32
2022/05/04 14:56:30 [notice] 1#1: start worker process 33
2022/05/04 14:56:30 [notice] 1#1: start worker process 34
2022/05/04 14:56:30 [notice] 1#1: start worker process 35
2022/05/04 15:41:00 [notice] 1#1: signal 3 (SIGQUIT) received, shutting down
2022/05/04 15:41:00 [notice] 33#33: gracefully shutting down
2022/05/04 15:41:00 [notice] 34#34: gracefully shutting down
2022/05/04 15:41:00 [notice] 35#35: gracefully shutting down
2022/05/04 15:41:00 [notice] 35#35: exiting
2022/05/04 15:41:00 [notice] 32#32: gracefully shutting down
2022/05/04 15:41:00 [notice] 33#33: exiting
2022/05/04 15:41:00 [notice] 34#34: exiting
2022/05/04 15:41:00 [notice] 35#35: exit
2022/05/04 15:41:00 [notice] 32#32: exiting
2022/05/04 15:41:00 [notice] 33#33: exit
2022/05/04 15:41:00 [notice] 32#32: exit
2022/05/04 15:41:00 [notice] 34#34: exit
2022/05/04 15:41:00 [notice] 1#1: signal 17 (SIGCHLD) received from 35
2022/05/04 15:41:00 [notice] 1#1: worker process 32 exited with code 0
2022/05/04 15:41:00 [notice] 1#1: worker process 34 exited with code 0
2022/05/04 15:41:00 [notice] 1#1: worker process 35 exited with code 0
2022/05/04 15:41:00 [notice] 1#1: signal 29 (SIGIO) received
2022/05/04 15:41:00 [notice] 1#1: signal 17 (SIGCHLD) received from 34
2022/05/04 15:41:00 [notice] 1#1: signal 17 (SIGCHLD) received from 33
2022/05/04 15:41:00 [notice] 1#1: worker process 33 exited with code 0
2022/05/04 15:41:00 [notice] 1#1: exit
2022/05/04 15:44:11 [notice] 1#1: using the "epoll" event method
2022/05/04 15:44:11 [notice] 1#1: nginx/1.21.6
2022/05/04 15:44:11 [notice] 1#1: built by gcc 10.2.1 20210110 (Debian 10.2.1-6) 
2022/05/04 15:44:11 [notice] 1#1: OS: Linux 5.10.16.3-microsoft-standard-WSL2
2022/05/04 15:44:11 [notice] 1#1: getrlimit(RLIMIT_NOFILE): 1048576:1048576
2022/05/04 15:44:11 [notice] 1#1: start worker processes
2022/05/04 15:44:11 [notice] 1#1: start worker process 31
2022/05/04 15:44:11 [notice] 1#1: start worker process 32
2022/05/04 15:44:11 [notice] 1#1: start worker process 33
2022/05/04 15:44:11 [notice] 1#1: start worker process 34
2022/05/04 15:45:17 [notice] 1#1: signal 3 (SIGQUIT) received, shutting down
2022/05/04 15:45:17 [notice] 31#31: gracefully shutting down
2022/05/04 15:45:17 [notice] 33#33: gracefully shutting down
2022/05/04 15:45:17 [notice] 32#32: gracefully shutting down
2022/05/04 15:45:17 [notice] 34#34: gracefully shutting down
2022/05/04 15:45:17 [notice] 31#31: exiting
2022/05/04 15:45:17 [notice] 33#33: exiting
2022/05/04 15:45:17 [notice] 32#32: exiting
2022/05/04 15:45:17 [notice] 34#34: exiting
2022/05/04 15:45:17 [notice] 31#31: exit
2022/05/04 15:45:17 [notice] 33#33: exit
2022/05/04 15:45:17 [notice] 32#32: exit
2022/05/04 15:45:17 [notice] 34#34: exit
2022/05/04 15:45:17 [notice] 1#1: signal 17 (SIGCHLD) received from 32
2022/05/04 15:45:17 [notice] 1#1: worker process 31 exited with code 0
2022/05/04 15:45:17 [notice] 1#1: worker process 32 exited with code 0
2022/05/04 15:45:17 [notice] 1#1: signal 29 (SIGIO) received
2022/05/04 15:45:17 [notice] 1#1: signal 17 (SIGCHLD) received from 31
2022/05/04 15:45:17 [notice] 1#1: signal 17 (SIGCHLD) received from 33
2022/05/04 15:45:17 [notice] 1#1: worker process 33 exited with code 0
2022/05/04 15:45:17 [notice] 1#1: worker process 34 exited with code 0
2022/05/04 15:45:17 [notice] 1#1: exit
2022/05/04 15:49:18 [notice] 1#1: using the "epoll" event method
2022/05/04 15:49:18 [notice] 1#1: nginx/1.21.6
2022/05/04 15:49:18 [notice] 1#1: built by gcc 10.2.1 20210110 (Debian 10.2.1-6) 
2022/05/04 15:49:18 [notice] 1#1: OS: Linux 5.10.16.3-microsoft-standard-WSL2
2022/05/04 15:49:18 [notice] 1#1: getrlimit(RLIMIT_NOFILE): 1048576:1048576
2022/05/04 15:49:18 [notice] 1#1: start worker processes
2022/05/04 15:49:18 [notice] 1#1: start worker process 32
2022/05/04 15:49:18 [notice] 1#1: start worker process 33
2022/05/04 15:49:18 [notice] 1#1: start worker process 34
2022/05/04 15:49:18 [notice] 1#1: start worker process 35
2022/05/04 15:50:06 [notice] 1#1: signal 3 (SIGQUIT) received, shutting down
2022/05/04 15:50:06 [notice] 33#33: gracefully shutting down
2022/05/04 15:50:06 [notice] 32#32: gracefully shutting down
2022/05/04 15:50:06 [notice] 35#35: gracefully shutting down
2022/05/04 15:50:06 [notice] 35#35: exiting
2022/05/04 15:50:06 [notice] 34#34: gracefully shutting down
2022/05/04 15:50:06 [notice] 34#34: exiting
2022/05/04 15:50:06 [notice] 33#33: exiting
2022/05/04 15:50:06 [notice] 33#33: exit
2022/05/04 15:50:06 [notice] 32#32: exiting
2022/05/04 15:50:06 [notice] 35#35: exit
2022/05/04 15:50:06 [notice] 34#34: exit
2022/05/04 15:50:06 [notice] 32#32: exit
2022/05/04 15:50:06 [notice] 1#1: signal 17 (SIGCHLD) received from 32
2022/05/04 15:50:06 [notice] 1#1: worker process 32 exited with code 0
2022/05/04 15:50:06 [notice] 1#1: worker process 33 exited with code 0
2022/05/04 15:50:06 [notice] 1#1: worker process 35 exited with code 0
2022/05/04 15:50:06 [notice] 1#1: signal 29 (SIGIO) received
2022/05/04 15:50:06 [notice] 1#1: signal 17 (SIGCHLD) received from 35
2022/05/04 15:50:06 [notice] 1#1: signal 17 (SIGCHLD) received from 34
2022/05/04 15:50:06 [notice] 1#1: worker process 34 exited with code 0
2022/05/04 15:50:06 [notice] 1#1: exit
2022/05/04 15:51:05 [notice] 1#1: using the "epoll" event method
2022/05/04 15:51:05 [notice] 1#1: nginx/1.21.6
2022/05/04 15:51:05 [notice] 1#1: built by gcc 10.2.1 20210110 (Debian 10.2.1-6) 
2022/05/04 15:51:05 [notice] 1#1: OS: Linux 5.10.16.3-microsoft-standard-WSL2
2022/05/04 15:51:05 [notice] 1#1: getrlimit(RLIMIT_NOFILE): 1048576:1048576
2022/05/04 15:51:05 [notice] 1#1: start worker processes
2022/05/04 15:51:05 [notice] 1#1: start worker process 35
2022/05/04 15:51:05 [notice] 1#1: start worker process 36
2022/05/04 15:51:05 [notice] 1#1: start worker process 37
2022/05/04 15:51:05 [notice] 1#1: start worker process 38
2022/05/04 16:00:16 [notice] 1#1: using the "epoll" event method
2022/05/04 16:00:16 [notice] 1#1: nginx/1.21.6
2022/05/04 16:00:16 [notice] 1#1: built by gcc 10.2.1 20210110 (Debian 10.2.1-6) 
2022/05/04 16:00:16 [notice] 1#1: OS: Linux 5.10.16.3-microsoft-standard-WSL2
2022/05/04 16:00:16 [notice] 1#1: getrlimit(RLIMIT_NOFILE): 1048576:1048576
2022/05/04 16:00:16 [notice] 1#1: start worker processes
2022/05/04 16:00:16 [notice] 1#1: start worker process 30
2022/05/04 16:00:16 [notice] 1#1: start worker process 31
2022/05/04 16:00:16 [notice] 1#1: start worker process 32
2022/05/04 16:00:16 [notice] 1#1: start worker process 33
2022/05/04 16:01:37 [notice] 1#1: signal 3 (SIGQUIT) received, shutting down
2022/05/04 16:01:37 [notice] 30#30: gracefully shutting down
2022/05/04 16:01:37 [notice] 30#30: exiting
2022/05/04 16:01:37 [notice] 33#33: gracefully shutting down
2022/05/04 16:01:37 [notice] 32#32: gracefully shutting down
2022/05/04 16:01:37 [notice] 32#32: exiting
2022/05/04 16:01:37 [notice] 31#31: gracefully shutting down
2022/05/04 16:01:37 [notice] 30#30: exit
2022/05/04 16:01:37 [notice] 33#33: exiting
2022/05/04 16:01:37 [notice] 32#32: exit
2022/05/04 16:01:37 [notice] 31#31: exiting
2022/05/04 16:01:37 [notice] 33#33: exit
2022/05/04 16:01:37 [notice] 31#31: exit
2022/05/04 16:01:37 [notice] 1#1: signal 17 (SIGCHLD) received from 33
2022/05/04 16:01:37 [notice] 1#1: worker process 31 exited with code 0
2022/05/04 16:01:37 [notice] 1#1: worker process 33 exited with code 0
2022/05/04 16:01:37 [notice] 1#1: signal 29 (SIGIO) received
2022/05/04 16:01:37 [notice] 1#1: signal 17 (SIGCHLD) received from 32
2022/05/04 16:01:37 [notice] 1#1: worker process 30 exited with code 0
2022/05/04 16:01:37 [notice] 1#1: worker process 32 exited with code 0
2022/05/04 16:01:37 [notice] 1#1: exit
2022/05/04 16:13:08 [notice] 1#1: using the "epoll" event method
2022/05/04 16:13:08 [notice] 1#1: nginx/1.21.6
2022/05/04 16:13:08 [notice] 1#1: built by gcc 10.2.1 20210110 (Debian 10.2.1-6) 
2022/05/04 16:13:08 [notice] 1#1: OS: Linux 5.10.16.3-microsoft-standard-WSL2
2022/05/04 16:13:08 [notice] 1#1: getrlimit(RLIMIT_NOFILE): 1048576:1048576
2022/05/04 16:13:08 [notice] 1#1: start worker processes
2022/05/04 16:13:08 [notice] 1#1: start worker process 31
2022/05/04 16:13:08 [notice] 1#1: start worker process 32
2022/05/04 16:13:08 [notice] 1#1: start worker process 33
2022/05/04 16:13:08 [notice] 1#1: start worker process 34
2022/05/06 15:49:57 [notice] 1#1: using the "epoll" event method
2022/05/06 15:49:57 [notice] 1#1: nginx/1.21.6
2022/05/06 15:49:57 [notice] 1#1: built by gcc 10.2.1 20210110 (Debian 10.2.1-6) 
2022/05/06 15:49:57 [notice] 1#1: OS: Linux 5.10.16.3-microsoft-standard-WSL2
2022/05/06 15:49:57 [notice] 1#1: getrlimit(RLIMIT_NOFILE): 1048576:1048576
2022/05/06 15:49:57 [notice] 1#1: start worker processes
2022/05/06 15:49:57 [notice] 1#1: start worker process 30
2022/05/06 15:49:57 [notice] 1#1: start worker process 31
2022/05/06 15:49:57 [notice] 1#1: start worker process 32
2022/05/06 15:49:57 [notice] 1#1: start worker process 33
2022/05/06 15:55:26 [notice] 1#1: signal 3 (SIGQUIT) received, shutting down
2022/05/06 15:55:26 [notice] 30#30: gracefully shutting down
2022/05/06 15:55:26 [notice] 32#32: gracefully shutting down
2022/05/06 15:55:26 [notice] 31#31: gracefully shutting down
2022/05/06 15:55:26 [notice] 33#33: gracefully shutting down
2022/05/06 15:55:26 [notice] 30#30: exiting
2022/05/06 15:55:26 [notice] 32#32: exiting
2022/05/06 15:55:26 [notice] 31#31: exiting
2022/05/06 15:55:26 [notice] 33#33: exiting
2022/05/06 15:55:26 [notice] 30#30: exit
2022/05/06 15:55:26 [notice] 32#32: exit
2022/05/06 15:55:26 [notice] 31#31: exit
2022/05/06 15:55:26 [notice] 33#33: exit
2022/05/06 15:55:26 [notice] 1#1: signal 17 (SIGCHLD) received from 30
2022/05/06 15:55:26 [notice] 1#1: worker process 30 exited with code 0
2022/05/06 15:55:26 [notice] 1#1: worker process 31 exited with code 0
2022/05/06 15:55:26 [notice] 1#1: worker process 33 exited with code 0
2022/05/06 15:55:26 [notice] 1#1: signal 29 (SIGIO) received
2022/05/06 15:55:26 [notice] 1#1: signal 17 (SIGCHLD) received from 33
2022/05/06 15:55:26 [notice] 1#1: signal 17 (SIGCHLD) received from 32
2022/05/06 15:55:26 [notice] 1#1: worker process 32 exited with code 0
2022/05/06 15:55:26 [notice] 1#1: exit
2022/05/06 16:16:01 [notice] 1#1: using the "epoll" event method
2022/05/06 16:16:01 [notice] 1#1: nginx/1.21.6
2022/05/06 16:16:01 [notice] 1#1: built by gcc 10.2.1 20210110 (Debian 10.2.1-6) 
2022/05/06 16:16:01 [notice] 1#1: OS: Linux 5.10.16.3-microsoft-standard-WSL2
2022/05/06 16:16:01 [notice] 1#1: getrlimit(RLIMIT_NOFILE): 1048576:1048576
2022/05/06 16:16:01 [notice] 1#1: start worker processes
2022/05/06 16:16:01 [notice] 1#1: start worker process 31
2022/05/06 16:16:01 [notice] 1#1: start worker process 32
2022/05/06 16:16:01 [notice] 1#1: start worker process 33
2022/05/06 16:16:01 [notice] 1#1: start worker process 34
2022/05/06 16:18:43 [notice] 1#1: signal 3 (SIGQUIT) received, shutting down
2022/05/06 16:18:43 [notice] 31#31: gracefully shutting down
2022/05/06 16:18:43 [notice] 32#32: gracefully shutting down
2022/05/06 16:18:43 [notice] 32#32: exiting
2022/05/06 16:18:43 [notice] 33#33: gracefully shutting down
2022/05/06 16:18:43 [notice] 33#33: exiting
2022/05/06 16:18:43 [notice] 33#33: exit
2022/05/06 16:18:43 [notice] 34#34: gracefully shutting down
2022/05/06 16:18:43 [notice] 34#34: exiting
2022/05/06 16:18:43 [notice] 31#31: exiting
2022/05/06 16:18:43 [notice] 32#32: exit
2022/05/06 16:18:43 [notice] 34#34: exit
2022/05/06 16:18:43 [notice] 31#31: exit
2022/05/06 16:18:43 [notice] 1#1: signal 17 (SIGCHLD) received from 34
2022/05/06 16:18:43 [notice] 1#1: worker process 31 exited with code 0
2022/05/06 16:18:43 [notice] 1#1: worker process 32 exited with code 0
2022/05/06 16:18:43 [notice] 1#1: worker process 34 exited with code 0
2022/05/06 16:18:43 [notice] 1#1: signal 29 (SIGIO) received
2022/05/06 16:18:43 [notice] 1#1: signal 17 (SIGCHLD) received from 33
2022/05/06 16:18:43 [notice] 1#1: worker process 33 exited with code 0
2022/05/06 16:18:43 [notice] 1#1: exit
2022/05/06 16:19:13 [notice] 1#1: using the "epoll" event method
2022/05/06 16:19:13 [notice] 1#1: nginx/1.21.6
2022/05/06 16:19:13 [notice] 1#1: built by gcc 10.2.1 20210110 (Debian 10.2.1-6) 
2022/05/06 16:19:13 [notice] 1#1: OS: Linux 5.10.16.3-microsoft-standard-WSL2
2022/05/06 16:19:13 [notice] 1#1: getrlimit(RLIMIT_NOFILE): 1048576:1048576
2022/05/06 16:19:13 [notice] 1#1: start worker processes
2022/05/06 16:19:13 [notice] 1#1: start worker process 31
2022/05/06 16:19:13 [notice] 1#1: start worker process 32
2022/05/06 16:19:13 [notice] 1#1: start worker process 33
2022/05/06 16:19:13 [notice] 1#1: start worker process 34
